<?xml version="1.0" encoding="UTF-8"?>
<!-- Generated by org.testng.reporters.JUnitXMLReporter -->
<testsuite ignored="0" hostname="NAMIT-LENOVO" failures="0" tests="3" name="Default test" time="5.47" errors="0" timestamp="2021-06-30T07:49:28 IST">
  <testcase classname="com.automate.DataDriven.TC007_DataDrivenPost" name="fnPostRequestDataDriven" time="3.931"/>
  <testcase classname="com.automate.DataDriven.TC007_DataDrivenPost" name="fnPostRequestDataDriven" time="0.743"/>
  <testcase classname="com.automate.DataDriven.TC007_DataDrivenPost" name="fnPostRequestDataDriven" time="0.728"/>
</testsuite> <!-- Default test -->
