<?xml version="1.0" encoding="UTF-8"?>
<testng-results ignored="0" total="2" passed="2" failed="0" skipped="0">
  <reporter-output>
  </reporter-output>
  <suite started-at="2021-07-04T18:01:21 IST" name="Default suite" finished-at="2021-07-04T18:01:25 IST" duration-ms="3667">
    <groups>
    </groups>
    <test started-at="2021-07-04T18:01:21 IST" name="Default test" finished-at="2021-07-04T18:01:25 IST" duration-ms="3667">
      <class name="com.automate.WhenThen.TC001_GetTest">
        <test-method signature="test1()[pri:0, instance:com.automate.WhenThen.TC001_GetTest@87a85e1]" started-at="2021-07-04T18:01:21 IST" name="test1" finished-at="2021-07-04T18:01:24 IST" duration-ms="2464" status="PASS">
          <reporter-output>
          </reporter-output>
        </test-method> <!-- test1 -->
        <test-method signature="test2()[pri:0, instance:com.automate.WhenThen.TC001_GetTest@87a85e1]" started-at="2021-07-04T18:01:24 IST" name="test2" finished-at="2021-07-04T18:01:25 IST" duration-ms="1140" status="PASS">
          <reporter-output>
          </reporter-output>
        </test-method> <!-- test2 -->
      </class> <!-- com.automate.WhenThen.TC001_GetTest -->
    </test> <!-- Default test -->
  </suite> <!-- Default suite -->
</testng-results>
