<?xml version="1.0" encoding="UTF-8"?>
<testng-results ignored="0" total="1" passed="1" failed="0" skipped="0">
  <reporter-output>
  </reporter-output>
  <suite started-at="2024-02-10T16:50:30 IST" name="Default suite" finished-at="2024-02-10T16:50:34 IST" duration-ms="4207">
    <groups>
    </groups>
    <test started-at="2024-02-10T16:50:30 IST" name="Default test" finished-at="2024-02-10T16:50:34 IST" duration-ms="4207">
      <class name="com.HTTPRequest">
        <test-method signature="getUser()[pri:0, instance:com.HTTPRequest@7ce026d3]" started-at="2024-02-10T16:50:30 IST" name="getUser" finished-at="2024-02-10T16:50:34 IST" duration-ms="4108" status="PASS">
          <reporter-output>
          </reporter-output>
        </test-method> <!-- getUser -->
      </class> <!-- com.HTTPRequest -->
    </test> <!-- Default test -->
  </suite> <!-- Default suite -->
</testng-results>
