<?xml version="1.0" encoding="UTF-8"?>
<testng-results ignored="0" total="3" passed="3" failed="0" skipped="0">
  <reporter-output>
  </reporter-output>
  <suite started-at="2021-06-30T07:49:23 IST" name="Default suite" finished-at="2021-06-30T07:49:28 IST" duration-ms="5470">
    <groups>
    </groups>
    <test started-at="2021-06-30T07:49:23 IST" name="Default test" finished-at="2021-06-30T07:49:28 IST" duration-ms="5470">
      <class name="com.automate.DataDriven.TC007_DataDrivenPost">
        <test-method signature="fnPostRequestDataDriven(java.lang.String, java.lang.String)[pri:0, instance:com.automate.DataDriven.TC007_DataDrivenPost@2525ff7e]" started-at="2021-06-30T07:49:23 IST" name="fnPostRequestDataDriven" data-provider="EmpData" finished-at="2021-06-30T07:49:27 IST" duration-ms="3931" status="PASS">
          <params>
            <param index="0">
              <value>
                <![CDATA[morpheus]]>
              </value>
            </param>
            <param index="1">
              <value>
                <![CDATA[leader]]>
              </value>
            </param>
          </params>
          <reporter-output>
          </reporter-output>
        </test-method> <!-- fnPostRequestDataDriven -->
        <test-method signature="fnPostRequestDataDriven(java.lang.String, java.lang.String)[pri:0, instance:com.automate.DataDriven.TC007_DataDrivenPost@2525ff7e]" started-at="2021-06-30T07:49:27 IST" name="fnPostRequestDataDriven" data-provider="EmpData" finished-at="2021-06-30T07:49:27 IST" duration-ms="743" status="PASS">
          <params>
            <param index="0">
              <value>
                <![CDATA[Rock]]>
              </value>
            </param>
            <param index="1">
              <value>
                <![CDATA[Wrestle]]>
              </value>
            </param>
          </params>
          <reporter-output>
          </reporter-output>
        </test-method> <!-- fnPostRequestDataDriven -->
        <test-method signature="fnPostRequestDataDriven(java.lang.String, java.lang.String)[pri:0, instance:com.automate.DataDriven.TC007_DataDrivenPost@2525ff7e]" started-at="2021-06-30T07:49:27 IST" name="fnPostRequestDataDriven" data-provider="EmpData" finished-at="2021-06-30T07:49:28 IST" duration-ms="728" status="PASS">
          <params>
            <param index="0">
              <value>
                <![CDATA[Leo]]>
              </value>
            </param>
            <param index="1">
              <value>
                <![CDATA[Act]]>
              </value>
            </param>
          </params>
          <reporter-output>
          </reporter-output>
        </test-method> <!-- fnPostRequestDataDriven -->
      </class> <!-- com.automate.DataDriven.TC007_DataDrivenPost -->
    </test> <!-- Default test -->
  </suite> <!-- Default suite -->
</testng-results>
